<?xml version="1.0" encoding="UTF-8"?>
<testsuite name="ConwaysTesting" tests="4" skipped="0" failures="0" errors="0" timestamp="2019-08-07T01:50:38" hostname="C02Y308YJG5J" time="0.01">
  <properties/>
  <testcase name="newWorldIsEmpty" classname="ConwaysTesting" time="0.001"/>
  <testcase name="cellsCorrectlyUpdate" classname="ConwaysTesting" time="0.008"/>
  <testcase name="canKillACellInWorld" classname="ConwaysTesting" time="0.0"/>
  <testcase name="canAddACellToTheWorld" classname="ConwaysTesting" time="0.0"/>
  <system-out><![CDATA[1 1 1
2 1 2
1 1 3
]]></system-out>
  <system-err><![CDATA[]]></system-err>
</testsuite>
